<?xml version="1.0" encoding="UTF-8"?>
<!-- Generated by org.testng.reporters.JUnitXMLReporter -->
<testsuite ignored="0" hostname="Tanya_PC" failures="1" tests="4" name="EcommerceTests" time="21.47" errors="0" timestamp="2026-02-15T13:36:20 IST">
  <testcase classname="testCases.RegistrationTest" name="verifyRegistration" time="2.862"/>
  <testcase classname="testCases.LoginTest" name="verifyLogin" time="2.028"/>
  <testcase classname="testCases.AddToCartTest" name="verifyAddToCart" time="4.507">
    <failure type="java.lang.AssertionError" message="expected [11] but found [12]">
      <![CDATA[java.lang.AssertionError: expected [11] but found [12]
at testCases.AddToCartTest.verifyAddToCart(AddToCartTest.java:43)
at java.base/java.util.ArrayList.forEach(ArrayList.java:1597)
... Removed 32 stack frames]]>
    </failure>
  </testcase> <!-- verifyAddToCart -->
  <testcase classname="testCases.LogoutTest" name="verifyLogout" time="2.449"/>
</testsuite> <!-- EcommerceTests -->
