<?xml version="1.0" encoding="UTF-8"?>
<testng-results ignored="0" total="11" passed="11" failed="0" skipped="0">
  <reporter-output>
  </reporter-output>
  <suite started-at="2026-05-04T00:54:41 IST" name="EcommerceSuite" finished-at="2026-05-04T00:56:19 IST" duration-ms="98124">
    <groups>
    </groups>
    <test started-at="2026-05-04T00:54:41 IST" name="EcommerceTests" finished-at="2026-05-04T00:56:19 IST" duration-ms="98124">
      <class name="testCases.LogoutTest">
        <test-method is-config="true" signature="setup(java.lang.String,java.lang.String)[pri:0, instance:testCases.LogoutTest@41de5768]" started-at="2026-05-04T00:55:46 IST" name="setup" finished-at="2026-05-04T00:55:48 IST" duration-ms="2616" status="PASS">
          <params>
            <param index="0">
              <value>
                <![CDATA[Windows]]>
              </value>
            </param>
            <param index="1">
              <value>
                <![CDATA[chrome]]>
              </value>
            </param>
          </params>
          <reporter-output>
          </reporter-output>
        </test-method> <!-- setup -->
        <test-method signature="verifyLogout(java.lang.String,java.lang.String)[pri:0, instance:testCases.LogoutTest@41de5768]" started-at="2026-05-04T00:55:49 IST" name="verifyLogout" data-provider="RegData" finished-at="2026-05-04T00:55:52 IST" duration-ms="3279" status="PASS">
          <params>
            <param index="0">
              <value>
                <![CDATA[tpjzd948@gmail.com]]>
              </value>
            </param>
            <param index="1">
              <value>
                <![CDATA[Test@513]]>
              </value>
            </param>
          </params>
          <reporter-output>
          </reporter-output>
        </test-method> <!-- verifyLogout -->
        <test-method is-config="true" signature="tearDown()[pri:0, instance:testCases.LogoutTest@41de5768]" started-at="2026-05-04T00:55:52 IST" name="tearDown" finished-at="2026-05-04T00:55:52 IST" duration-ms="263" status="PASS">
          <reporter-output>
          </reporter-output>
        </test-method> <!-- tearDown -->
      </class> <!-- testCases.LogoutTest -->
      <class name="testCases.LoginTest">
        <test-method is-config="true" signature="setup(java.lang.String,java.lang.String)[pri:0, instance:testCases.LoginTest@6b739528]" started-at="2026-05-04T00:54:53 IST" name="setup" finished-at="2026-05-04T00:54:56 IST" duration-ms="2724" status="PASS">
          <params>
            <param index="0">
              <value>
                <![CDATA[Windows]]>
              </value>
            </param>
            <param index="1">
              <value>
                <![CDATA[chrome]]>
              </value>
            </param>
          </params>
          <reporter-output>
          </reporter-output>
        </test-method> <!-- setup -->
        <test-method signature="verifyLogin(java.lang.String,java.lang.String,java.lang.String)[pri:0, instance:testCases.LoginTest@6b739528]" started-at="2026-05-04T00:54:57 IST" name="verifyLogin" data-provider="LoginData" finished-at="2026-05-04T00:55:00 IST" duration-ms="3475" status="PASS">
          <params>
            <param index="0">
              <value>
                <![CDATA[tpjzd948@gmail.com]]>
              </value>
            </param>
            <param index="1">
              <value>
                <![CDATA[Test@513]]>
              </value>
            </param>
            <param index="2">
              <value>
                <![CDATA[Pass]]>
              </value>
            </param>
          </params>
          <reporter-output>
          </reporter-output>
        </test-method> <!-- verifyLogin -->
        <test-method signature="verifyLogin(java.lang.String,java.lang.String,java.lang.String)[pri:0, instance:testCases.LoginTest@6b739528]" started-at="2026-05-04T00:55:00 IST" name="verifyLogin" data-provider="LoginData" finished-at="2026-05-04T00:55:08 IST" duration-ms="8294" status="PASS">
          <params>
            <param index="0">
              <value>
                <![CDATA[wrmkr404@gmail.com]]>
              </value>
            </param>
            <param index="1">
              <value>
                <![CDATA[Test@878]]>
              </value>
            </param>
            <param index="2">
              <value>
                <![CDATA[Pass]]>
              </value>
            </param>
          </params>
          <reporter-output>
          </reporter-output>
        </test-method> <!-- verifyLogin -->
        <test-method signature="verifyLogin(java.lang.String,java.lang.String,java.lang.String)[pri:0, instance:testCases.LoginTest@6b739528]" started-at="2026-05-04T00:55:08 IST" name="verifyLogin" data-provider="LoginData" finished-at="2026-05-04T00:55:20 IST" duration-ms="11317" status="PASS">
          <params>
            <param index="0">
              <value>
                <![CDATA[tpjzd948@gmail.com]]>
              </value>
            </param>
            <param index="1">
              <value>
                <![CDATA[ghited]]>
              </value>
            </param>
            <param index="2">
              <value>
                <![CDATA[Fail]]>
              </value>
            </param>
          </params>
          <reporter-output>
          </reporter-output>
        </test-method> <!-- verifyLogin -->
        <test-method signature="verifyLogin(java.lang.String,java.lang.String,java.lang.String)[pri:0, instance:testCases.LoginTest@6b739528]" started-at="2026-05-04T00:55:20 IST" name="verifyLogin" data-provider="LoginData" finished-at="2026-05-04T00:55:31 IST" duration-ms="11560" status="PASS">
          <params>
            <param index="0">
              <value>
                <![CDATA[abcdeg6@gmail.com]]>
              </value>
            </param>
            <param index="1">
              <value>
                <![CDATA[Test@878]]>
              </value>
            </param>
            <param index="2">
              <value>
                <![CDATA[Fail]]>
              </value>
            </param>
          </params>
          <reporter-output>
          </reporter-output>
        </test-method> <!-- verifyLogin -->
        <test-method is-config="true" signature="tearDown()[pri:0, instance:testCases.LoginTest@6b739528]" started-at="2026-05-04T00:55:31 IST" name="tearDown" finished-at="2026-05-04T00:55:32 IST" duration-ms="319" status="PASS">
          <reporter-output>
          </reporter-output>
        </test-method> <!-- tearDown -->
      </class> <!-- testCases.LoginTest -->
      <class name="testCases.RegistrationTest">
        <test-method is-config="true" signature="setup(java.lang.String,java.lang.String)[pri:0, instance:testCases.RegistrationTest@6a1ebcff]" started-at="2026-05-04T00:54:41 IST" name="setup" finished-at="2026-05-04T00:54:46 IST" duration-ms="4598" status="PASS">
          <params>
            <param index="0">
              <value>
                <![CDATA[Windows]]>
              </value>
            </param>
            <param index="1">
              <value>
                <![CDATA[chrome]]>
              </value>
            </param>
          </params>
          <reporter-output>
          </reporter-output>
        </test-method> <!-- setup -->
        <test-method signature="verifyRegistration()[pri:0, instance:testCases.RegistrationTest@6a1ebcff]" started-at="2026-05-04T00:54:46 IST" name="verifyRegistration" finished-at="2026-05-04T00:54:53 IST" duration-ms="6672" status="PASS">
          <reporter-output>
          </reporter-output>
        </test-method> <!-- verifyRegistration -->
        <test-method is-config="true" signature="tearDown()[pri:0, instance:testCases.RegistrationTest@6a1ebcff]" started-at="2026-05-04T00:54:53 IST" name="tearDown" finished-at="2026-05-04T00:54:53 IST" duration-ms="397" status="PASS">
          <reporter-output>
          </reporter-output>
        </test-method> <!-- tearDown -->
      </class> <!-- testCases.RegistrationTest -->
      <class name="testCases.SearchProductTest">
        <test-method is-config="true" signature="setup(java.lang.String,java.lang.String)[pri:0, instance:testCases.SearchProductTest@5f577419]" started-at="2026-05-04T00:55:52 IST" name="setup" finished-at="2026-05-04T00:55:55 IST" duration-ms="3278" status="PASS">
          <params>
            <param index="0">
              <value>
                <![CDATA[Windows]]>
              </value>
            </param>
            <param index="1">
              <value>
                <![CDATA[chrome]]>
              </value>
            </param>
          </params>
          <reporter-output>
          </reporter-output>
        </test-method> <!-- setup -->
        <test-method signature="verifyProductSearch(java.lang.String,boolean,int)[pri:0, instance:testCases.SearchProductTest@5f577419]" started-at="2026-05-04T00:55:55 IST" name="verifyProductSearch" data-provider="SearchData" finished-at="2026-05-04T00:55:56 IST" duration-ms="1137" status="PASS">
          <params>
            <param index="0">
              <value>
                <![CDATA[MacBook]]>
              </value>
            </param>
            <param index="1">
              <value>
                <![CDATA[true]]>
              </value>
            </param>
            <param index="2">
              <value>
                <![CDATA[1]]>
              </value>
            </param>
          </params>
          <reporter-output>
          </reporter-output>
        </test-method> <!-- verifyProductSearch -->
        <test-method signature="verifyProductSearch(java.lang.String,boolean,int)[pri:0, instance:testCases.SearchProductTest@5f577419]" started-at="2026-05-04T00:55:56 IST" name="verifyProductSearch" data-provider="SearchData" finished-at="2026-05-04T00:55:57 IST" duration-ms="949" status="PASS">
          <params>
            <param index="0">
              <value>
                <![CDATA[iPhone]]>
              </value>
            </param>
            <param index="1">
              <value>
                <![CDATA[true]]>
              </value>
            </param>
            <param index="2">
              <value>
                <![CDATA[1]]>
              </value>
            </param>
          </params>
          <reporter-output>
          </reporter-output>
        </test-method> <!-- verifyProductSearch -->
        <test-method signature="verifyProductSearch(java.lang.String,boolean,int)[pri:0, instance:testCases.SearchProductTest@5f577419]" started-at="2026-05-04T00:55:57 IST" name="verifyProductSearch" data-provider="SearchData" finished-at="2026-05-04T00:56:08 IST" duration-ms="10893" status="PASS">
          <params>
            <param index="0">
              <value>
                <![CDATA[NonExistentProduct12345]]>
              </value>
            </param>
            <param index="1">
              <value>
                <![CDATA[false]]>
              </value>
            </param>
            <param index="2">
              <value>
                <![CDATA[0]]>
              </value>
            </param>
          </params>
          <reporter-output>
          </reporter-output>
        </test-method> <!-- verifyProductSearch -->
        <test-method signature="verifyProductSearch(java.lang.String,boolean,int)[pri:0, instance:testCases.SearchProductTest@5f577419]" started-at="2026-05-04T00:56:08 IST" name="verifyProductSearch" data-provider="SearchData" finished-at="2026-05-04T00:56:19 IST" duration-ms="10695" status="PASS">
          <params>
            <param index="0">
              <value>
                <![CDATA[]]>
              </value>
            </param>
            <param index="1">
              <value>
                <![CDATA[false]]>
              </value>
            </param>
            <param index="2">
              <value>
                <![CDATA[0]]>
              </value>
            </param>
          </params>
          <reporter-output>
          </reporter-output>
        </test-method> <!-- verifyProductSearch -->
        <test-method is-config="true" signature="tearDown()[pri:0, instance:testCases.SearchProductTest@5f577419]" started-at="2026-05-04T00:56:19 IST" name="tearDown" finished-at="2026-05-04T00:56:19 IST" duration-ms="421" status="PASS">
          <reporter-output>
          </reporter-output>
        </test-method> <!-- tearDown -->
      </class> <!-- testCases.SearchProductTest -->
      <class name="testCases.AddToCartTest">
        <test-method is-config="true" signature="setup(java.lang.String,java.lang.String)[pri:0, instance:testCases.AddToCartTest@622ef26a]" started-at="2026-05-04T00:55:32 IST" name="setup" finished-at="2026-05-04T00:55:35 IST" duration-ms="3277" status="PASS">
          <params>
            <param index="0">
              <value>
                <![CDATA[Windows]]>
              </value>
            </param>
            <param index="1">
              <value>
                <![CDATA[chrome]]>
              </value>
            </param>
          </params>
          <reporter-output>
          </reporter-output>
        </test-method> <!-- setup -->
        <test-method signature="verifyAddToCart(java.lang.String,java.lang.String)[pri:0, instance:testCases.AddToCartTest@622ef26a]" started-at="2026-05-04T00:55:35 IST" name="verifyAddToCart" data-provider="RegData" finished-at="2026-05-04T00:55:45 IST" duration-ms="10372" status="PASS">
          <params>
            <param index="0">
              <value>
                <![CDATA[tpjzd948@gmail.com]]>
              </value>
            </param>
            <param index="1">
              <value>
                <![CDATA[Test@513]]>
              </value>
            </param>
          </params>
          <reporter-output>
          </reporter-output>
        </test-method> <!-- verifyAddToCart -->
        <test-method is-config="true" signature="tearDown()[pri:0, instance:testCases.AddToCartTest@622ef26a]" started-at="2026-05-04T00:55:45 IST" name="tearDown" finished-at="2026-05-04T00:55:46 IST" duration-ms="375" status="PASS">
          <reporter-output>
          </reporter-output>
        </test-method> <!-- tearDown -->
      </class> <!-- testCases.AddToCartTest -->
    </test> <!-- EcommerceTests -->
  </suite> <!-- EcommerceSuite -->
</testng-results>
