<?xml version="1.0" encoding="UTF-8"?>
<testsuite xmlns:xsi="http://www.w3.org/2001/XMLSchema-instance" xsi:noNamespaceSchemaLocation="https://maven.apache.org/surefire/maven-surefire-plugin/xsd/surefire-test-report-3.0.xsd" version="3.0" name="TestSuite" time="100.683" tests="11" errors="0" skipped="0" failures="0">
  <properties>
[...]
</properties>
  <testcase name="verifyRegistration" classname="testCases.RegistrationTest" time="6.682">
    <system-out><![CDATA[Registration Test Started
Generated Email: hlgox960@gmail.com
Generated Password: Test@648
✅ REGISTRATION TEST PASSED - Account created successfully
Registration Successful
Registered Email: hlgox960@gmail.com
Password: Test@648
✅ Credentials saved to Excel
Registration Test Completed
]]></system-out>
    <system-err><![CDATA[May 04, 2026 12:54:45 AM org.openqa.selenium.devtools.CdpVersionFinder findNearestMatch
WARNING: Unable to find CDP implementation matching 147
May 04, 2026 12:54:45 AM org.openqa.selenium.chromium.ChromiumDriver lambda$new$5
WARNING: Unable to find version of CDP to use for 147.0.7727.138. You may need to include a dependency on a specific version of the CDP using something similar to `org.seleniumhq.selenium:selenium-devtools-v86:4.18.1` where the version ("v86") matches the version of the chromium-based browser you're using and the version number of the artifact is the same as Selenium's.
]]></system-err>
  </testcase>
  <testcase name="verifyLogin[tpjzd948@gmail.com, Test@513, Pass](1)" classname="testCases.LoginTest" time="3.479">
    <system-out><![CDATA[Login Test Started with email: tpjzd948@gmail.com | Expected: Pass
✅ LOGIN TEST PASSED - User successfully logged in
✅ LOGOUT COMPLETED - Test state reset
Login Test Completed
]]></system-out>
    <system-err><![CDATA[May 04, 2026 12:54:55 AM org.openqa.selenium.devtools.CdpVersionFinder findNearestMatch
WARNING: Unable to find CDP implementation matching 147
May 04, 2026 12:54:55 AM org.openqa.selenium.chromium.ChromiumDriver lambda$new$5
WARNING: Unable to find version of CDP to use for 147.0.7727.138. You may need to include a dependency on a specific version of the CDP using something similar to `org.seleniumhq.selenium:selenium-devtools-v86:4.18.1` where the version ("v86") matches the version of the chromium-based browser you're using and the version number of the artifact is the same as Selenium's.
]]></system-err>
  </testcase>
  <testcase name="verifyLogin[wrmkr404@gmail.com, Test@878, Pass](2)" classname="testCases.LoginTest" time="8.292">
    <system-out><![CDATA[Login Test Started with email: wrmkr404@gmail.com | Expected: Pass
✅ LOGIN TEST PASSED - User successfully logged in
✅ LOGOUT COMPLETED - Test state reset
Login Test Completed
]]></system-out>
  </testcase>
  <testcase name="verifyLogin[tpjzd948@gmail.com, ghited, Fail](3)" classname="testCases.LoginTest" time="11.314">
    <system-out><![CDATA[Login Test Started with email: tpjzd948@gmail.com | Expected: Fail
✅ LOGIN TEST PASSED - Login correctly failed with invalid credentials
Login Test Completed
]]></system-out>
  </testcase>
  <testcase name="verifyLogin[abcdeg6@gmail.com, Test@878, Fail](4)" classname="testCases.LoginTest" time="11.56">
    <system-out><![CDATA[Login Test Started with email: abcdeg6@gmail.com | Expected: Fail
✅ LOGIN TEST PASSED - Login correctly failed with invalid credentials
Login Test Completed
]]></system-out>
  </testcase>
  <testcase name="verifyAddToCart[tpjzd948@gmail.com, Test@513](1)" classname="testCases.AddToCartTest" time="10.372">
    <system-out><![CDATA[AddToCart Test Started with email: tpjzd948@gmail.com
Clearing existing cart items...
Cart count AFTER clearing: 3
iMac added to cart
Cart count AFTER adding item: 4
Expected cart count: 4
Actual cart count: 4
✅ ADD TO CART TEST PASSED - Cart count increased by 1
Product Added to Cart Successfully
AddToCart Test Completed
]]></system-out>
    <system-err><![CDATA[May 04, 2026 12:55:34 AM org.openqa.selenium.devtools.CdpVersionFinder findNearestMatch
WARNING: Unable to find CDP implementation matching 147
May 04, 2026 12:55:34 AM org.openqa.selenium.chromium.ChromiumDriver lambda$new$5
WARNING: Unable to find version of CDP to use for 147.0.7727.138. You may need to include a dependency on a specific version of the CDP using something similar to `org.seleniumhq.selenium:selenium-devtools-v86:4.18.1` where the version ("v86") matches the version of the chromium-based browser you're using and the version number of the artifact is the same as Selenium's.
]]></system-err>
  </testcase>
  <testcase name="verifyLogout[tpjzd948@gmail.com, Test@513](1)" classname="testCases.LogoutTest" time="3.281">
    <system-out><![CDATA[Logout Test Started with email: tpjzd948@gmail.com
 LOGOUT TEST PASSED - Account Logout message displayed
Logout Test Completed
]]></system-out>
    <system-err><![CDATA[May 04, 2026 12:55:48 AM org.openqa.selenium.devtools.CdpVersionFinder findNearestMatch
WARNING: Unable to find CDP implementation matching 147
May 04, 2026 12:55:48 AM org.openqa.selenium.chromium.ChromiumDriver lambda$new$5
WARNING: Unable to find version of CDP to use for 147.0.7727.138. You may need to include a dependency on a specific version of the CDP using something similar to `org.seleniumhq.selenium:selenium-devtools-v86:4.18.1` where the version ("v86") matches the version of the chromium-based browser you're using and the version number of the artifact is the same as Selenium's.
]]></system-err>
  </testcase>
  <testcase name="verifyProductSearch[MacBook, true, 1](1)" classname="testCases.SearchProductTest" time="1.144">
    <system-out><![CDATA[Search Test Started for: 'MacBook'
Expected results: true, Minimum results: 1
Actual search results found: 3
✅ SEARCH TEST PASSED - Products displayed for: MacBook
✅ SEARCH COUNT PASSED - Found 3 results (expected >= 1)
✅ SEARCH ACCURACY PASSED - All results contain search term
Search Test Completed for: MacBook
]]></system-out>
    <system-err><![CDATA[May 04, 2026 12:55:54 AM org.openqa.selenium.devtools.CdpVersionFinder findNearestMatch
WARNING: Unable to find CDP implementation matching 147
May 04, 2026 12:55:54 AM org.openqa.selenium.chromium.ChromiumDriver lambda$new$5
WARNING: Unable to find version of CDP to use for 147.0.7727.138. You may need to include a dependency on a specific version of the CDP using something similar to `org.seleniumhq.selenium:selenium-devtools-v86:4.18.1` where the version ("v86") matches the version of the chromium-based browser you're using and the version number of the artifact is the same as Selenium's.
]]></system-err>
  </testcase>
  <testcase name="verifyProductSearch[iPhone, true, 1](2)" classname="testCases.SearchProductTest" time="0.95">
    <system-out><![CDATA[Search Test Started for: 'iPhone'
Expected results: true, Minimum results: 1
Actual search results found: 1
✅ SEARCH TEST PASSED - Products displayed for: iPhone
✅ SEARCH COUNT PASSED - Found 1 results (expected >= 1)
✅ SEARCH ACCURACY PASSED - All results contain search term
Search Test Completed for: iPhone
]]></system-out>
  </testcase>
  <testcase name="verifyProductSearch[NonExistentProduct12345, false, 0](3)" classname="testCases.SearchProductTest" time="10.893">
    <system-out><![CDATA[Search Test Started for: 'NonExistentProduct12345'
Expected results: false, Minimum results: 0
Actual search results found: 0
✅ SEARCH TEST PASSED - No results message displayed for: NonExistentProduct12345
Search Test Completed for: NonExistentProduct12345
]]></system-out>
  </testcase>
  <testcase name="verifyProductSearch[, false, 0](4)" classname="testCases.SearchProductTest" time="10.696">
    <system-out><![CDATA[Search Test Started for: ''
Expected results: false, Minimum results: 0
Actual search results found: 0
✅ SEARCH TEST PASSED - No results message displayed for: 
Search Test Completed for: 
]]></system-out>
  </testcase>
</testsuite>