<?xml version="1.0" encoding="UTF-8"?>
<testng-results ignored="0" total="4" passed="3" failed="1" skipped="0">
  <reporter-output>
  </reporter-output>
  <suite started-at="2026-02-15T13:35:58 IST" name="EcommerceSuite" finished-at="2026-02-15T13:36:20 IST" duration-ms="21470">
    <groups>
    </groups>
    <test started-at="2026-02-15T13:35:58 IST" name="EcommerceTests" finished-at="2026-02-15T13:36:20 IST" duration-ms="21470">
      <class name="testCases.LogoutTest">
        <test-method is-config="true" signature="setup()[pri:0, instance:testCases.LogoutTest@5b1ebf56]" started-at="2026-02-15T13:36:15 IST" name="setup" finished-at="2026-02-15T13:36:17 IST" duration-ms="1753" status="PASS">
          <reporter-output>
          </reporter-output>
        </test-method> <!-- setup -->
        <test-method signature="verifyLogout()[pri:0, instance:testCases.LogoutTest@5b1ebf56]" started-at="2026-02-15T13:36:17 IST" name="verifyLogout" finished-at="2026-02-15T13:36:20 IST" duration-ms="2449" status="PASS">
          <reporter-output>
          </reporter-output>
        </test-method> <!-- verifyLogout -->
        <test-method is-config="true" signature="tearDown()[pri:0, instance:testCases.LogoutTest@5b1ebf56]" started-at="2026-02-15T13:36:20 IST" name="tearDown" finished-at="2026-02-15T13:36:20 IST" duration-ms="225" status="PASS">
          <reporter-output>
          </reporter-output>
        </test-method> <!-- tearDown -->
      </class> <!-- testCases.LogoutTest -->
      <class name="testCases.LoginTest">
        <test-method is-config="true" signature="setup()[pri:0, instance:testCases.LoginTest@71c27ee8]" started-at="2026-02-15T13:36:04 IST" name="setup" finished-at="2026-02-15T13:36:06 IST" duration-ms="1879" status="PASS">
          <reporter-output>
          </reporter-output>
        </test-method> <!-- setup -->
        <test-method signature="verifyLogin()[pri:0, instance:testCases.LoginTest@71c27ee8]" started-at="2026-02-15T13:36:06 IST" name="verifyLogin" finished-at="2026-02-15T13:36:08 IST" duration-ms="2028" status="PASS">
          <reporter-output>
          </reporter-output>
        </test-method> <!-- verifyLogin -->
        <test-method is-config="true" signature="tearDown()[pri:0, instance:testCases.LoginTest@71c27ee8]" started-at="2026-02-15T13:36:08 IST" name="tearDown" finished-at="2026-02-15T13:36:09 IST" duration-ms="233" status="PASS">
          <reporter-output>
          </reporter-output>
        </test-method> <!-- tearDown -->
      </class> <!-- testCases.LoginTest -->
      <class name="testCases.RegistrationTest">
        <test-method is-config="true" signature="setup()[pri:0, instance:testCases.RegistrationTest@5a18cd76]" started-at="2026-02-15T13:35:58 IST" name="setup" finished-at="2026-02-15T13:36:01 IST" duration-ms="2853" status="PASS">
          <reporter-output>
          </reporter-output>
        </test-method> <!-- setup -->
        <test-method signature="verifyRegistration()[pri:0, instance:testCases.RegistrationTest@5a18cd76]" started-at="2026-02-15T13:36:01 IST" name="verifyRegistration" finished-at="2026-02-15T13:36:04 IST" duration-ms="2862" status="PASS">
          <reporter-output>
          </reporter-output>
        </test-method> <!-- verifyRegistration -->
        <test-method is-config="true" signature="tearDown()[pri:0, instance:testCases.RegistrationTest@5a18cd76]" started-at="2026-02-15T13:36:04 IST" name="tearDown" finished-at="2026-02-15T13:36:04 IST" duration-ms="288" status="PASS">
          <reporter-output>
          </reporter-output>
        </test-method> <!-- tearDown -->
      </class> <!-- testCases.RegistrationTest -->
      <class name="testCases.AddToCartTest">
        <test-method is-config="true" signature="setup()[pri:0, instance:testCases.AddToCartTest@3e7dd664]" started-at="2026-02-15T13:36:09 IST" name="setup" finished-at="2026-02-15T13:36:10 IST" duration-ms="1750" status="PASS">
          <reporter-output>
          </reporter-output>
        </test-method> <!-- setup -->
        <test-method signature="verifyAddToCart()[pri:0, instance:testCases.AddToCartTest@3e7dd664]" started-at="2026-02-15T13:36:10 IST" name="verifyAddToCart" finished-at="2026-02-15T13:36:15 IST" duration-ms="4507" status="FAIL">
          <exception class="java.lang.AssertionError">
            <message>
              <![CDATA[expected [11] but found [12]]]>
            </message>
            <full-stacktrace>
              <![CDATA[java.lang.AssertionError: expected [11] but found [12]
at org.testng.Assert.fail(Assert.java:111)
at org.testng.Assert.failNotEquals(Assert.java:1578)
at org.testng.Assert.assertEqualsImpl(Assert.java:150)
at org.testng.Assert.assertEquals(Assert.java:132)
at org.testng.Assert.assertEquals(Assert.java:1419)
at org.testng.Assert.assertEquals(Assert.java:1383)
at org.testng.Assert.assertEquals(Assert.java:1429)
at testCases.AddToCartTest.verifyAddToCart(AddToCartTest.java:43)
at java.base/jdk.internal.reflect.DirectMethodHandleAccessor.invoke(DirectMethodHandleAccessor.java:103)
at java.base/java.lang.reflect.Method.invoke(Method.java:580)
at org.testng.internal.invokers.MethodInvocationHelper.invokeMethod(MethodInvocationHelper.java:139)
at org.testng.internal.invokers.TestInvoker.invokeMethod(TestInvoker.java:664)
at org.testng.internal.invokers.TestInvoker.invokeTestMethod(TestInvoker.java:228)
at org.testng.internal.invokers.MethodRunner.runInSequence(MethodRunner.java:63)
at org.testng.internal.invokers.TestInvoker$MethodInvocationAgent.invoke(TestInvoker.java:961)
at org.testng.internal.invokers.TestInvoker.invokeTestMethods(TestInvoker.java:201)
at org.testng.internal.invokers.TestMethodWorker.invokeTestMethods(TestMethodWorker.java:148)
at org.testng.internal.invokers.TestMethodWorker.run(TestMethodWorker.java:128)
at java.base/java.util.ArrayList.forEach(ArrayList.java:1597)
at org.testng.TestRunner.privateRun(TestRunner.java:819)
at org.testng.TestRunner.run(TestRunner.java:619)
at org.testng.SuiteRunner.runTest(SuiteRunner.java:443)
at org.testng.SuiteRunner.runSequentially(SuiteRunner.java:437)
at org.testng.SuiteRunner.privateRun(SuiteRunner.java:397)
at org.testng.SuiteRunner.run(SuiteRunner.java:336)
at org.testng.SuiteRunnerWorker.runSuite(SuiteRunnerWorker.java:52)
at org.testng.SuiteRunnerWorker.run(SuiteRunnerWorker.java:95)
at org.testng.TestNG.runSuitesSequentially(TestNG.java:1301)
at org.testng.TestNG.runSuitesLocally(TestNG.java:1228)
at org.testng.TestNG.runSuites(TestNG.java:1134)
at org.testng.TestNG.run(TestNG.java:1101)
at org.testng.remote.AbstractRemoteTestNG.run(AbstractRemoteTestNG.java:115)
at org.testng.remote.RemoteTestNG.initAndRun(RemoteTestNG.java:293)
at org.testng.remote.RemoteTestNG.main(RemoteTestNG.java:91)
]]>
            </full-stacktrace>
          </exception> <!-- java.lang.AssertionError -->
          <reporter-output>
          </reporter-output>
        </test-method> <!-- verifyAddToCart -->
        <test-method is-config="true" signature="tearDown()[pri:0, instance:testCases.AddToCartTest@3e7dd664]" started-at="2026-02-15T13:36:15 IST" name="tearDown" finished-at="2026-02-15T13:36:15 IST" duration-ms="249" status="PASS">
          <reporter-output>
          </reporter-output>
        </test-method> <!-- tearDown -->
      </class> <!-- testCases.AddToCartTest -->
    </test> <!-- EcommerceTests -->
  </suite> <!-- EcommerceSuite -->
</testng-results>
