<?xml version="1.0" encoding="UTF-8"?>
<!-- Generated by org.testng.reporters.JUnitReportReporter -->
<testsuite hostname="Tanya_PC" failures="0" tests="4" name="testCases.LoginTest" time="29.011" errors="0" timestamp="2026-02-22T21:15:25 IST" skipped="0">
  <testcase classname="testCases.LoginTest" name="verifyLogin" time="11.942"/>
  <testcase classname="testCases.LoginTest" name="verifyLogin" time="12.133"/>
  <testcase classname="testCases.LoginTest" name="verifyLogin" time="2.597"/>
  <testcase classname="testCases.LoginTest" name="verifyLogin" time="2.339"/>
</testsuite> <!-- testCases.LoginTest -->
