<?xml version="1.0" encoding="UTF-8"?>
<!-- Generated by org.testng.reporters.JUnitReportReporter -->
<testsuite hostname="Tanya_PC" failures="0" tests="4" name="testCases.SearchProductTest" time="22.968" errors="0" timestamp="2026-05-03T23:39:58 IST" skipped="0">
  <testcase classname="testCases.SearchProductTest" name="verifyProductSearch" time="10.759"/>
  <testcase classname="testCases.SearchProductTest" name="verifyProductSearch" time="0.853"/>
  <testcase classname="testCases.SearchProductTest" name="verifyProductSearch" time="0.670"/>
  <testcase classname="testCases.SearchProductTest" name="verifyProductSearch" time="10.686"/>
</testsuite> <!-- testCases.SearchProductTest -->
