<?xml version="1.0" encoding="UTF-8"?>
<!-- Generated by org.testng.reporters.JUnitReportReporter -->
<testsuite hostname="Tanya_PC" failures="0" tests="4" name="testCases.LoginTest" time="34.646" errors="0" timestamp="2026-05-04T00:56:21 IST" skipped="0">
  <testcase classname="testCases.LoginTest" name="verifyLogin" time="3.475"/>
  <testcase classname="testCases.LoginTest" name="verifyLogin" time="11.560"/>
  <testcase classname="testCases.LoginTest" name="verifyLogin" time="8.294"/>
  <testcase classname="testCases.LoginTest" name="verifyLogin" time="11.317"/>
</testsuite> <!-- testCases.LoginTest -->
