<?xml version="1.0" encoding="UTF-8"?>
<!-- Generated by org.testng.reporters.JUnitReportReporter -->
<testsuite hostname="Tanya_PC" failures="0" tests="4" name="testCases.SearchProductTest" time="23.674" errors="0" timestamp="2026-05-04T00:56:21 IST" skipped="0">
  <testcase classname="testCases.SearchProductTest" name="verifyProductSearch" time="0.949"/>
  <testcase classname="testCases.SearchProductTest" name="verifyProductSearch" time="10.893"/>
  <testcase classname="testCases.SearchProductTest" name="verifyProductSearch" time="10.695"/>
  <testcase classname="testCases.SearchProductTest" name="verifyProductSearch" time="1.137"/>
</testsuite> <!-- testCases.SearchProductTest -->
