<?xml version="1.0" encoding="UTF-8"?>
<!-- Generated by org.testng.reporters.JUnitXMLReporter -->
<testsuite ignored="0" hostname="Tanya_PC" failures="0" tests="11" name="EcommerceTests" time="98.124" errors="0" timestamp="2026-05-04T00:56:20 IST">
  <testcase classname="testCases.RegistrationTest" name="verifyRegistration" time="6.672"/>
  <testcase classname="testCases.LoginTest" name="verifyLogin" time="3.475"/>
  <testcase classname="testCases.LoginTest" name="verifyLogin" time="8.294"/>
  <testcase classname="testCases.LoginTest" name="verifyLogin" time="11.317"/>
  <testcase classname="testCases.LoginTest" name="verifyLogin" time="11.56"/>
  <testcase classname="testCases.AddToCartTest" name="verifyAddToCart" time="10.372"/>
  <testcase classname="testCases.LogoutTest" name="verifyLogout" time="3.279"/>
  <testcase classname="testCases.SearchProductTest" name="verifyProductSearch" time="1.137"/>
  <testcase classname="testCases.SearchProductTest" name="verifyProductSearch" time="0.949"/>
  <testcase classname="testCases.SearchProductTest" name="verifyProductSearch" time="10.893"/>
  <testcase classname="testCases.SearchProductTest" name="verifyProductSearch" time="10.695"/>
</testsuite> <!-- EcommerceTests -->
