<?xml version="1.0" encoding="UTF-8"?>
<!-- Generated by org.testng.reporters.JUnitXMLReporter -->
<testsuite ignored="0" hostname="Tanya_PC" failures="0" tests="1" name="EcommerceTests" time="2.696" errors="0" timestamp="2026-02-22T20:32:27 IST">
  <testcase classname="base.BaseClass" name="@BeforeClass setup" time="2.62">
    <failure type="java.lang.NullPointerException">
      <![CDATA[java.lang.NullPointerException
at java.base/java.util.Objects.requireNonNull(Objects.java:220)
at java.base/java.util.ImmutableCollections$Map1.<init>(ImmutableCollections.java:1112)
at java.base/java.util.Map.of(Map.java:1364)
at org.openqa.selenium.remote.DriverCommand.GET(DriverCommand.java:180)
at org.openqa.selenium.remote.RemoteWebDriver.get(RemoteWebDriver.java:301)
at base.BaseClass.setup(BaseClass.java:43)
at java.base/java.util.ArrayList.forEach(ArrayList.java:1597)
... Removed 27 stack frames]]>
    </failure>
  </testcase> <!-- @BeforeClass setup -->
  <testcase classname="base.BaseClass" name="@AfterClass tearDown" time="0.0">
    <skipped/>
  </testcase> <!-- @AfterClass tearDown -->
  <testcase classname="testCases.RegistrationTest" name="verifyRegistration" time="0.001">
    <skipped/>
  </testcase> <!-- verifyRegistration -->
</testsuite> <!-- EcommerceTests -->
